<?xml version="1.0" encoding="UTF-8"?>
<testsuite name="heros.HeroTest" tests="1" skipped="0" failures="0" errors="0" timestamp="2021-08-09T03:08:23" hostname="softwaredev-HP-EliteBook-840-G5" time="0.016">
  <properties/>
  <testcase name="nameGetter()" classname="heros.HeroTest" time="0.016"/>
  <system-out><![CDATA[]]></system-out>
  <system-err><![CDATA[]]></system-err>
</testsuite>
